autoscan: warning: missing AC_PROG_RANLIB wanted by: 
	ltmain.sh:2455
	obj/Makefile:311
	obj/bin/Makefile:292
	obj/lib/Makefile:295
	obj/lib/vhdl/Makefile:295
	obj/lib/vhdl/ieee/Makefile:235
	obj/test/Makefile:440
	obj/src/Makefile:296
	obj/src/util/Makefile:344
	obj/src/analyzer/Makefile:342
	obj/src/aire/Makefile:871
	obj/src/aire/iir/Makefile:295
	obj/src/aire/iir/visitor/Makefile:340
	obj/src/verianalyzer/Makefile:316
	obj/Makefile:311
	obj/bin/Makefile:292
	obj/lib/Makefile:295
	obj/lib/vhdl/Makefile:295
	obj/lib/vhdl/ieee/Makefile:235
	obj/test/Makefile:440
	obj/src/Makefile:296
	obj/src/util/Makefile:344
	obj/src/analyzer/Makefile:342
	obj/src/aire/Makefile:871
	obj/src/aire/iir/Makefile:295
	obj/src/aire/iir/visitor/Makefile:340
	obj/src/verianalyzer/Makefile:316
